<?xml version="1.0" encoding="UTF-8"?>
<!-- Generated by org.testng.reporters.JUnitXMLReporter -->
<testsuite ignored="1" hostname="MACs-Mac-mini.local" failures="0" tests="1" name="Surefire test" time="13.601" errors="0" timestamp="2025-03-21T15:22:29 IST">
  <testcase classname="Tests.AutomationexcersizeMenu" name="productMenuClick" time="4.043"/>
  <testcase classname="Tests.AutomationexcersizeMenu" name="CartmenuClick" time="0.0">
    <ignored/>
  </testcase> <!-- CartmenuClick -->
</testsuite> <!-- Surefire test -->
