<?xml version="1.0" encoding="UTF-8"?>
<testng-results ignored="0" total="1" passed="1" failed="0" skipped="0">
  <reporter-output>
  </reporter-output>
  <suite started-at="2025-03-21T15:22:10 IST" name="Surefire suite" finished-at="2025-03-21T15:22:24 IST" duration-ms="13601">
    <groups>
    </groups>
    <test started-at="2025-03-21T15:22:10 IST" name="Surefire test" finished-at="2025-03-21T15:22:24 IST" duration-ms="13601">
      <class name="Tests.AutomationexcersizeMenu">
        <test-method is-config="true" signature="setup()[pri:0, instance:Tests.AutomationexcersizeMenu@527e5409]" started-at="2025-03-21T15:22:10 IST" name="setup" finished-at="2025-03-21T15:22:19 IST" duration-ms="9101" status="PASS">
          <reporter-output>
          </reporter-output>
        </test-method> <!-- setup -->
        <test-method signature="productMenuClick()[pri:1, instance:Tests.AutomationexcersizeMenu@527e5409]" started-at="2025-03-21T15:22:19 IST" name="productMenuClick" finished-at="2025-03-21T15:22:23 IST" duration-ms="4043" status="PASS">
          <reporter-output>
          </reporter-output>
        </test-method> <!-- productMenuClick -->
        <test-method is-config="true" signature="tearDown()[pri:0, instance:Tests.AutomationexcersizeMenu@527e5409]" started-at="2025-03-21T15:22:23 IST" name="tearDown" finished-at="2025-03-21T15:22:24 IST" duration-ms="401" status="PASS">
          <reporter-output>
          </reporter-output>
        </test-method> <!-- tearDown -->
      </class> <!-- Tests.AutomationexcersizeMenu -->
    </test> <!-- Surefire test -->
  </suite> <!-- Surefire suite -->
</testng-results>
