<?xml version="1.0" encoding="UTF-8"?>
<testng-results ignored="0" total="1" passed="1" failed="0" skipped="0">
  <reporter-output>
  </reporter-output>
  <suite started-at="2025-03-17T11:17:53 IST" name="Surefire suite" finished-at="2025-03-17T11:18:04 IST" duration-ms="11420">
    <groups>
    </groups>
    <test started-at="2025-03-17T11:17:53 IST" name="Surefire test" finished-at="2025-03-17T11:18:04 IST" duration-ms="11420">
      <class name="Tests.LoginTest">
        <test-method is-config="true" signature="setup()[pri:0, instance:Tests.LoginTest@15761df8]" started-at="2025-03-17T11:17:53 IST" name="setup" finished-at="2025-03-17T11:18:03 IST" duration-ms="10844" status="PASS">
          <reporter-output>
          </reporter-output>
        </test-method> <!-- setup -->
        <test-method signature="testLogin()[pri:0, instance:Tests.LoginTest@15761df8]" started-at="2025-03-17T11:18:03 IST" name="testLogin" finished-at="2025-03-17T11:18:04 IST" duration-ms="370" status="PASS">
          <reporter-output>
          </reporter-output>
        </test-method> <!-- testLogin -->
        <test-method is-config="true" signature="tearDown()[pri:0, instance:Tests.LoginTest@15761df8]" started-at="2025-03-17T11:18:04 IST" name="tearDown" finished-at="2025-03-17T11:18:04 IST" duration-ms="178" status="PASS">
          <reporter-output>
          </reporter-output>
        </test-method> <!-- tearDown -->
      </class> <!-- Tests.LoginTest -->
    </test> <!-- Surefire test -->
  </suite> <!-- Surefire suite -->
</testng-results>
